msi -d /products/repos/prod/Akso/BNC_v2/BNC/program/NoahCare/db/analyze/msi/hs37d5.microsatellites.list -n /mnt/GenePlus001/prod/workspace/IFA20190709002/OncoD_Duid/output/190008263BCD_190008263BPD/normal/5_recal_bam/190008263BCD_190008263BPD_normal_sort_markdup_realign_recal.bam -t /mnt/GenePlus001/prod/workspace/IFA20190709002/OncoD_Duid/output/190008263BCD_190008263BPD/cancer/5_recal_bam/190008263BCD_190008263BPD_cancer_sort_markdup_realign_recal.bam -e /products/repos/prod/Akso/BNC_v2/BNC/program/NoahCare/config/nc_cd3/regs/chip.bed -o /mnt/GenePlus001/prod/workspace/IFA20190709002/OncoD_Duid/output/190008263BCD_190008263BPD/report/misc/190008263BCD_190008263BPD.msi -b 8 Start at:  Thu Jul 11 22:18:45 2019

loading bed regions ...
loading homopolymer and microsatellite sites ...

Total loading windows:  829 


Total loading homopolymer and microsatellites:  4286 

window: 0 done...:1:2492644-2499264
window: 1 done...:1:3340639-3651483
window: 2 done...:1:7725227-8077961
window: 3 done...:1:11167769-11321162
window: 4 done...:1:11856253-11858253
window: 5 done...:1:16235619-16485285
window: 6 done...:1:17347245-17382172
window: 7 done...:1:19061958-19063958
window: 8 done...:1:20917342-21189466
window: 9 done...:1:22966167-23247129
window: 10 done...:1:23886988-23888988
window: 11 done...:1:27021939-27108650
window: 12 done...:1:27634058-27636058
window: 13 done...:1:29632678-29634678
window: 14 done...:1:32757921-32800513
window: 15 done...:1:35658880-35660880
window: 16 done...:1:36227527-36442522
window: 17 done...:1:36935409-36943222
window: 18 done...:1:39760574-39762574
window: 19 done...:1:40360307-40371176
window: 20 done...:1:43806540-43820118
window: 21 done...:1:45288608-45310223
window: 22 done...:1:45794900-45808358
window: 23 done...:1:46715640-46747765
window: 24 done...:1:47401487-47688561
window: 25 done...:1:51436581-51875154
window: 26 done...:1:59247123-59251778
window: 27 done...:1:62922512-62924512
window: 28 done...:1:65302789-65353434
window: 29 done...:1:70225643-70507500
window: 30 done...:1:76363205-76365205
window: 31 done...:1:78414120-78447007
window: 32 done...:1:82431947-82433947
window: 33 done...:1:85733451-85739086
window: 34 done...:1:94646300-94648300
window: 35 done...:1:97550601-98047704
window: 36 done...:1:98165743-98167743
window: 37 done...:1:110259568-110471395
window: 38 done...:1:113457793-113459793
window: 39 done...:1:115252207-115261850
window: 40 done...:1:116243550-116245550
window: 41 done...:1:116932115-116934115
window: 42 done...:1:117690915-118167786
window: 43 done...:1:119427337-119429337
window: 44 done...:1:120061339-120551315
window: 45 done...:1:120575033-120614819
window: 46 done...:1:144859479-144861479
window: 47 done...:1:145442135-145444135
window: 48 done...:1:146769126-147095769
window: 49 done...:1:149761220-149763220
window: 50 done...:1:150548800-150903995
window: 51 done...:1:152286341-152288341
window: 52 done...:1:152975738-152977738
window: 53 done...:1:154131467-154166864
window: 54 done...:1:155491477-155871616
window: 55 done...:1:156286503-156787839
window: 56 done...:1:156813846-156853039
window: 57 done...:1:157559308-157808561
window: 58 done...:1:158584441-158817412
window: 59 done...:1:160327698-160329698
window: 60 done...:1:161283599-161650280
window: 61 done...:1:162688940-162751210
window: 62 done...:1:170704685-170706685
window: 63 done...:1:172627781-172629781
window: 64 done...:1:175068836-175070836
window: 65 done...:1:176993610-176995610
window: 66 done...:1:179078062-179199767
window: 67 done...:1:181479670-181481670
window: 68 done...:1:182545016-182861955
window: 69 done...:1:183529914-183531914
window: 70 done...:1:186132193-186308471
window: 71 done...:1:186645586-186647586
window: 72 done...:1:190067427-190069427
window: 73 done...:1:193089911-193221974
window: 74 done...:1:197113975-197115975
window: 75 done...:1:201980005-201986648
window: 76 done...:1:203152522-203157429
window: 77 done...:1:203799053-203801053
window: 78 done...:1:204395264-204520258
window: 79 done...:1:206646303-206945845
window: 80 done...:1:209968979-209970979
window: 81 done...:1:216274525-216276525
window: 82 done...:1:226251283-226596849
window: 83 done...:1:228453496-228614717
window: 84 done...:1:235345532-235347532
window: 85 done...:1:236713292-236715292
window: 86 done...:1:237802317-237804317
window: 87 done...:1:240371548-240373548
window: 88 done...:1:241660994-241684630
window: 89 done...:1:243663900-244007958
window: 90 done...:1:247874975-248030645
window: 91 done...:2:16082525-16087941
window: 92 done...:2:25457053-25541094
window: 93 done...:2:25982064-25984064
window: 94 done...:2:27714872-27716872
window: 95 done...:2:29377271-29758953
window: 96 done...:2:29918396-30199121
window: 97 done...:2:31753903-31755903
window: 98 done...:2:38303928-38305928
window: 99 done...:2:38979994-39214613
window: 100 done...:2:42503710-42558759
window: 101 done...:2:43455618-43457618
window: 102 done...:2:46527717-46613326
window: 103 done...:2:47595631-48035806
window: 104 done...:2:51256381-51258381
window: 105 done...:2:58388632-58472081
window: 106 done...:2:60689817-61120083
window: 107 done...:2:61706414-61765887
window: 108 done...:2:69173706-69175706
window: 109 done...:2:71592493-71914096
window: 110 done...:2:74140685-74142685
window: 111 done...:2:80140292-80142292
window: 112 done...:2:84668290-84817835
window: 113 done...:2:88874981-88876981
window: 114 done...:2:95849334-95851334
window: 115 done...:2:96920556-96933872
window: 116 done...:2:99205499-99207499
window: 117 done...:2:99778642-100214032
window: 118 done...:2:109348713-109386490
window: 119 done...:2:111412716-111888686
window: 120 done...:2:121735848-121737848
window: 121 done...:2:125671708-125673708
window: 122 done...:2:128014675-128052986
window: 123 done...:2:136872827-136874827
window: 124 done...:2:141005614-141477981
window: 125 done...:2:141528859-142014941
window: 126 done...:2:142238607-142569496
window: 127 done...:2:142887354-142889354
window: 128 done...:2:148659820-148661820
window: 129 done...:2:157185834-157187834
window: 130 done...:2:160289662-160291662
window: 131 done...:2:163074071-163076071
window: 132 done...:2:170013427-170036494
window: 133 done...:2:173421338-173462004
window: 134 done...:2:175436999-175746774
window: 135 done...:2:176958113-176973309
window: 136 done...:2:178096778-178130390
window: 137 done...:2:189915844-189917844
window: 138 done...:2:190656395-190743726
window: 139 done...:2:191841710-191877140
window: 140 done...:2:198256294-198367491
window: 141 done...:2:202123700-202153128
window: 142 done...:2:203383776-203385776
window: 143 done...:2:204735945-204838224
window: 144 done...:2:206651442-206661085
window: 145 done...:2:209101488-209117577
window: 146 done...:2:211514873-211516873
window: 147 done...:2:212248901-212656044
window: 148 done...:2:212812161-212990940
window: 149 done...:2:213402575-213873836
window: 150 done...:2:215594861-215677366
window: 151 done...:2:216211412-216275853
window: 152 done...:2:222428296-222430296
window: 153 done...:2:223086126-223088126
window: 154 done...:2:225339747-225450893
window: 155 done...:2:227659049-227661049
window: 156 done...:2:233196886-233198886
window: 157 done...:2:234667879-234672363
window: 158 done...:2:239976412-240112870
window: 159 done...:2:242081975-242083975
window: 160 done...:2:242797006-242799006
window: 161 done...:3:9033375-9035375
window: 162 done...:3:10070461-10194744
window: 163 done...:3:12628336-12662066
window: 164 done...:3:13390673-13392673
window: 165 done...:3:14189589-14204129
window: 166 done...:3:30648292-30734401
window: 167 done...:3:37035297-37094735
window: 168 done...:3:38181797-38184819
window: 169 done...:3:41267676-41282412
window: 170 done...:3:47058029-47208332
window: 171 done...:3:49394673-49414287
window: 172 done...:3:49924868-49942788
window: 173 done...:3:52438508-52714876
window: 174 done...:3:55517713-55519713
window: 175 done...:3:67549146-67551146
window: 176 done...:3:69789498-70015804
window: 177 done...:3:71008992-71248850
window: 178 done...:3:77146848-77148848
window: 179 done...:3:78656170-78658170
window: 180 done...:3:85968939-85970939
window: 181 done...:3:89156126-89530769
window: 182 done...:3:105377661-105442042
window: 183 done...:3:112200987-112202987
window: 184 done...:3:119534674-119722191
window: 185 done...:3:121209193-121378298
window: 186 done...:3:124131943-124460143
window: 187 done...:3:126718798-126720798
window: 188 done...:3:128202494-128206221
window: 189 done...:3:134519037-134979889
window: 190 done...:3:136246336-136666192
window: 191 done...:3:137734897-137736897
window: 192 done...:3:138374620-138669038
window: 193 done...:3:140788046-140790046
window: 194 done...:3:141683435-142185163
window: 195 done...:3:142189927-142302102
window: 196 done...:3:155642189-155644189
window: 197 done...:3:164739288-164741288
window: 198 done...:3:168833755-168835755
window: 199 done...:3:169482516-169484516
window: 200 done...:3:169997240-169999240
window: 201 done...:3:176770833-176772833
window: 202 done...:3:178743167-178953834
window: 203 done...:3:180687171-180689171
window: 204 done...:3:181430226-181432226
window: 205 done...:3:182583559-182585559
window: 206 done...:3:183212367-183214367
window: 207 done...:3:184800970-185148983
window: 208 done...:3:185769858-185771858
window: 209 done...:3:186442332-186510258
window: 210 done...:3:187442550-187454625
window: 211 done...:3:188584053-188586053
window: 212 done...:3:189525458-189613619
window: 213 done...:4:1396743-1861545
window: 214 done...:4:1918037-1920037
window: 215 done...:4:20527916-20620356
window: 216 done...:4:25665785-25681309
window: 217 done...:4:39312232-39314232
window: 218 done...:4:40245772-40247772
window: 219 done...:4:48170394-48172394
window: 220 done...:4:55079689-55579094
window: 221 done...:4:55589922-56040709
window: 222 done...:4:66189460-66538030
window: 223 done...:4:74284191-74286191
window: 224 done...:4:76572530-76574530
window: 225 done...:4:83352068-83750071
window: 226 done...:4:84385452-84407766
window: 227 done...:4:87644970-87971231
window: 228 done...:4:89032879-89059164
window: 229 done...:4:106158452-106198995
window: 230 done...:4:108998544-109000544
window: 231 done...:4:126415364-126417364
window: 232 done...:4:138463081-138465081
window: 233 done...:4:140810063-140812063
window: 234 done...:4:142949186-143357045
window: 235 done...:4:153246486-153334690
window: 236 done...:4:175899385-175901385
window: 237 done...:4:183715101-183717101
window: 238 done...:4:185310257-185354017
window: 239 done...:4:187510304-187588339
window: 240 done...:5:219930-257943
window: 241 done...:5:1254687-1306711
window: 242 done...:5:7871118-7892402
window: 243 done...:5:10263378-10265378
window: 244 done...:5:14338190-14361106
window: 245 done...:5:19474301-19476301
window: 246 done...:5:35859169-35877844
window: 247 done...:5:38499303-38998755
window: 248 done...:5:39003392-39076386
window: 249 done...:5:40763033-40802874
window: 250 done...:5:44304761-44306761
window: 251 done...:5:45262457-45264457
window: 252 done...:5:55239868-55269851
window: 253 done...:5:56114265-56191197
window: 254 done...:5:65351368-65353368
window: 255 done...:5:67530229-67595399
window: 256 done...:5:79950103-80173447
window: 257 done...:5:86658147-86660147
window: 258 done...:5:88051605-88053605
window: 259 done...:5:98235962-98237962
window: 260 done...:5:112044659-112365077
window: 261 done...:5:115838213-115840213
window: 262 done...:5:121762071-121764071
window: 263 done...:5:122912106-122914106
window: 264 done...:5:131892698-131979564
window: 265 done...:5:138117228-138272329
window: 266 done...:5:138994069-138996069
window: 267 done...:5:140960626-141053703
window: 268 done...:5:148891966-148893966
window: 269 done...:5:149433556-149788307
window: 270 done...:5:150885012-151172214
window: 271 done...:5:156670071-156672071
window: 272 done...:5:158142263-158144263
window: 273 done...:5:161132551-161134551
window: 274 done...:5:169495902-169497902
window: 275 done...:5:170739356-170840674
window: 276 done...:5:176515968-176725269
window: 277 done...:5:180029903-180060599
window: 278 done...:6:348336-404958
window: 279 done...:6:1097973-1428654
window: 280 done...:6:2532557-2839256
window: 281 done...:6:15514264-15516264
window: 282 done...:6:18236947-18238947
window: 283 done...:6:20401833-20403833
window: 284 done...:6:26033361-26273940
window: 285 done...:6:27101394-27116596
window: 286 done...:6:27779927-27862923
window: 287 done...:6:29914966-29916966
window: 288 done...:6:30673397-30869587
window: 289 done...:6:31240870-31326966
window: 290 done...:6:32164596-32192658
window: 291 done...:6:32946267-33388729
window: 292 done...:6:35420252-35435889
window: 293 done...:6:36655052-37140758
window: 294 done...:6:41908521-41910521
window: 295 done...:6:43747435-44224447
window: 296 done...:6:45460387-45462387
window: 297 done...:6:51891330-52134565
window: 298 done...:6:52883630-52885630
window: 299 done...:6:55215701-55217701
window: 300 done...:6:74230674-74232674
window: 301 done...:6:76751815-76753815
window: 302 done...:6:86325915-86327915
window: 303 done...:6:89794848-89796848
window: 304 done...:6:93956833-94126745
window: 305 done...:6:106533484-106556552
window: 306 done...:6:108986015-108988015
window: 307 done...:6:110778349-110780349
window: 308 done...:6:112020116-112022116
window: 309 done...:6:117612119-117748602
window: 310 done...:6:127476021-127478021
window: 311 done...:6:128389116-128391116
window: 312 done...:6:129782885-129784885
window: 313 done...:6:134495259-134497259
window: 314 done...:6:137518504-137543831
window: 315 done...:6:138193108-138205003
window: 316 done...:6:139175320-139177320
window: 317 done...:6:149997678-150007381
window: 318 done...:6:152128545-152422907
window: 319 done...:6:152718135-152720135
window: 320 done...:6:157098165-157530243
window: 321 done...:6:159190876-159192876
window: 322 done...:6:160113360-160497166
window: 323 done...:6:160665726-160831047
window: 324 done...:6:161770645-162211020
window: 325 done...:6:162394703-162866522
window: 326 done...:6:163149743-163151743
window: 327 done...:6:169627169-169629169
window: 328 done...:6:170848676-170850676
window: 329 done...:7:1944685-1946685
window: 330 done...:7:2945671-3000620
window: 331 done...:7:5568555-6050580
window: 332 done...:7:6414301-6443143
window: 333 done...:7:7635962-7637962
window: 334 done...:7:13970669-13972669
window: 335 done...:7:19016544-19018544
window: 336 done...:7:22769845-22771845
window: 337 done...:7:26230981-26232981
window: 338 done...:7:27150104-27240081
window: 339 done...:7:30496976-30498976
window: 340 done...:7:31737094-31739094
window: 341 done...:7:33298153-33300153
window: 342 done...:7:36935285-36937285
window: 343 done...:7:39989985-40136145
window: 344 done...:7:41739067-42009266
window: 345 done...:7:43447119-43449119
window: 346 done...:7:44714476-44716476
window: 347 done...:7:45758955-45760955
window: 348 done...:7:47968817-48413112
window: 349 done...:7:48550676-48565845
window: 350 done...:7:50358023-50483713
window: 351 done...:7:53109718-53111718
window: 352 done...:7:55038288-55326281
window: 353 done...:7:65445192-65447192
window: 354 done...:7:66457872-66459872
window: 355 done...:7:72419357-72421357
window: 356 done...:7:73475873-73477873
window: 357 done...:7:77764436-78152088
window: 358 done...:7:81331555-81401117
window: 359 done...:7:83034839-83036839
window: 360 done...:7:83593415-83595415
window: 361 done...:7:86394697-86494954
window: 362 done...:7:87140496-87237852
window: 363 done...:7:88959310-88961310
window: 364 done...:7:90896971-90898971
window: 365 done...:7:91631715-91633715
window: 366 done...:7:92248597-92463878
window: 367 done...:7:98509010-98611830
window: 368 done...:7:99272313-99386120
window: 369 done...:7:100283334-100406270
window: 370 done...:7:101062552-101064552
window: 371 done...:7:101849735-101851735
window: 372 done...:7:103344127-103346127
window: 373 done...:7:105173521-105210400
window: 374 done...:7:106513162-106548276
window: 375 done...:7:112127643-112129643
window: 376 done...:7:116283689-116485648
window: 377 done...:7:124465928-124538447
window: 378 done...:7:128473365-128854404
window: 379 done...:7:135049926-135051926
window: 380 done...:7:138188192-138190192
window: 381 done...:7:140433574-140627279
window: 382 done...:7:142564052-143060162
window: 383 done...:7:143098187-143100187
window: 384 done...:7:148503906-148547017
window: 385 done...:7:150698471-151172272
window: 386 done...:7:151837632-152134369
window: 387 done...:7:152347513-152374916
window: 388 done...:7:155604261-155606261
window: 389 done...:8:2832744-2834744
window: 390 done...:8:13360630-13362630
window: 391 done...:8:14411657-14413657
window: 392 done...:8:15507493-15509493
window: 393 done...:8:16026856-16028856
window: 394 done...:8:20112571-20114571
window: 395 done...:8:22548255-22550255
window: 396 done...:8:23539897-23541897
window: 397 done...:8:30916571-31032275
window: 398 done...:8:32504909-32602035
window: 399 done...:8:37692556-38136457
window: 400 done...:8:38226898-38371222
window: 401 done...:8:41795472-41797472
window: 402 done...:8:48746247-48778942
window: 403 done...:8:51450854-51452854
window: 404 done...:8:55372478-55374478
window: 405 done...:8:56911809-57087148
window: 406 done...:8:68177484-68179484
window: 407 done...:8:68956461-69449593
window: 408 done...:8:74859427-74861427
window: 409 done...:8:80679548-80681548
window: 410 done...:8:81899690-81901690
window: 411 done...:8:87414970-87416970
window: 412 done...:8:90947042-90998869
window: 413 done...:8:93005222-93007222
window: 414 done...:8:95420228-95422228
window: 415 done...:8:101730616-101732616
window: 416 done...:8:103266648-103268648
window: 417 done...:8:106816148-106818148
window: 418 done...:8:108334051-108336051
window: 419 done...:8:108971480-109099053
window: 420 done...:8:113239276-113241276
window: 421 done...:8:117860000-117869531
window: 422 done...:8:118816254-119124936
window: 423 done...:8:128749604-128754393
window: 424 done...:8:139145931-139147931
window: 425 done...:8:143309865-143311944
window: 426 done...:8:144951893-144953893
window: 427 done...:8:145737581-145744169
window: 428 done...:9:5024138-5523741
window: 429 done...:9:5534599-5615481
window: 430 done...:9:8320461-8736138
window: 431 done...:9:15468424-15470424
window: 432 done...:9:16554183-16556183
window: 433 done...:9:20413277-20415310
window: 434 done...:9:21928424-22054956
window: 435 done...:9:32634705-32636705
window: 436 done...:9:35076758-35081314
window: 437 done...:9:36842037-37035095
window: 438 done...:9:80336057-80647504
window: 439 done...:9:84237532-84239532
window: 440 done...:9:87286503-87637617
window: 441 done...:9:93607981-93662251
window: 442 done...:9:95177081-95179081
window: 443 done...:9:97869021-98281235
window: 444 done...:9:101572965-101914668
window: 445 done...:9:110251313-110253313
window: 446 done...:9:113211747-113213747
window: 447 done...:9:116365612-116367612
window: 448 done...:9:120478390-120480390
window: 449 done...:9:125155492-125426212
window: 450 done...:9:127916565-127918565
window: 451 done...:9:133590402-133766060
window: 452 done...:9:135265897-135267897
window: 453 done...:9:135770987-135806974
window: 454 done...:9:136906768-137306147
window: 455 done...:9:137717400-137719400
window: 456 done...:9:139389944-139804323
window: 457 done...:10:8101498-8117241
window: 458 done...:10:17278211-17280211
window: 459 done...:10:26457419-26459419
window: 460 done...:10:32306648-32585852
window: 461 done...:10:37444006-37446006
window: 462 done...:10:43571749-43625136
window: 463 done...:10:50576819-50578819
window: 464 done...:10:51582278-51584278
window: 465 done...:10:62023392-62025392
window: 466 done...:10:63845449-63847449
window: 467 done...:10:70334146-70408360
window: 468 done...:10:72358341-72360341
window: 469 done...:10:73200493-73583710
window: 470 done...:10:76782623-76784623
window: 471 done...:10:88635966-88684990
window: 472 done...:10:89622844-89726293
window: 473 done...:10:90751295-90778386
window: 474 done...:10:95279183-95281183
window: 475 done...:10:96800544-96829819
window: 476 done...:10:98157625-98159625
window: 477 done...:10:98802496-98932575
window: 478 done...:10:101559972-101614607
window: 479 done...:10:104264796-104396879
window: 480 done...:10:105175936-105366934
window: 481 done...:10:114715103-114927003
window: 482 done...:10:120809867-120919127
window: 483 done...:10:123239429-123355978
window: 484 done...:11:323040-536289
window: 485 done...:11:1261965-1656084
window: 486 done...:11:2156491-2158491
window: 487 done...:11:2941294-2943294
window: 488 done...:11:3754270-4160770
window: 489 done...:11:9071729-9073729
window: 490 done...:11:17114194-17116194
window: 491 done...:11:17743554-17745554
window: 492 done...:11:22648320-22650320
window: 493 done...:11:32410281-32462618
window: 494 done...:11:34464118-34466118
window: 495 done...:11:35307833-35309833
window: 496 done...:11:44118314-44269793
window: 497 done...:11:46911171-46919885
window: 498 done...:11:55136293-55597288
window: 499 done...:11:57428456-57572336
window: 500 done...:11:60233643-60244530
window: 501 done...:11:61197327-61218033
window: 502 done...:11:62302119-62304119
window: 503 done...:11:64537675-64579776
window: 504 done...:11:66617407-66619407
window: 505 done...:11:67202696-67355299
window: 506 done...:11:68204984-68209241
window: 507 done...:11:69409523-69634868
window: 508 done...:11:71727021-71953356
window: 509 done...:11:76158373-76266201
window: 510 done...:11:77068195-77070195
window: 511 done...:11:77937677-77993294
window: 512 done...:11:85977808-85979808
window: 513 done...:11:88926038-88928038
window: 514 done...:11:92615931-92617931
window: 515 done...:11:94152332-94231119
window: 516 done...:11:95718366-95828153
window: 517 done...:11:99691253-99693253
window: 518 done...:11:100934062-100936062
window: 519 done...:11:102102009-102197514
window: 520 done...:11:104905345-104907345
window: 521 done...:11:108099105-108237756
window: 522 done...:11:111228022-111230022
window: 523 done...:11:111959299-111967592
window: 524 done...:11:113935144-113937144
window: 525 done...:11:117079563-117081563
window: 526 done...:11:118306413-118396425
window: 527 done...:11:119076232-119171853
window: 528 done...:11:122934784-122936784
window: 529 done...:11:124738785-124752115
window: 530 done...:11:125495888-125528082
window: 531 done...:11:128333133-128784463
window: 532 done...:11:132183974-132528255
window: 533 done...:12:395663-500286
window: 534 done...:12:939703-1043261
window: 535 done...:12:4387560-4566159
window: 536 done...:12:6692565-7179586
window: 537 done...:12:12007073-12305412
window: 538 done...:12:12875221-12877221
window: 539 done...:12:15673161-15675161
window: 540 done...:12:18793663-18795663
window: 541 done...:12:21028029-21030029
window: 542 done...:12:21622284-21658543
window: 543 done...:12:25344767-25449279
window: 544 done...:12:31944842-31946842
window: 545 done...:12:40715037-40717037
window: 546 done...:12:41425169-41427169
window: 547 done...:12:46123601-46300066
window: 548 done...:12:48368858-48370858
window: 549 done...:12:49422460-49451237
window: 550 done...:12:50483604-50485604
window: 551 done...:12:52312147-52389511
window: 552 done...:12:54338829-54340829
window: 553 done...:12:56477382-56497590
window: 554 done...:12:57859686-58147996
window: 555 done...:12:64491140-64493140
window: 556 done...:12:68551041-68555589
window: 557 done...:12:69129066-69234886
window: 558 done...:12:71029066-71031066
window: 559 done...:12:76449178-76451178
window: 560 done...:12:78401000-78514804
window: 561 done...:12:102816037-102818037
window: 562 done...:12:108171673-108606407
window: 563 done...:12:111856440-111888735
window: 564 done...:12:112857155-112944460
window: 565 done...:12:113514664-113516664
window: 566 done...:12:115109222-115122595
window: 567 done...:12:120541866-120997174
window: 568 done...:12:121418870-121441834
window: 569 done...:12:122017914-122019914
window: 570 done...:12:124867079-124869079
window: 571 done...:12:130187010-130189010
window: 572 done...:12:133202158-133268637
window: 573 done...:13:19750986-19752986
window: 574 done...:13:21556131-21558131
window: 575 done...:13:25274639-25672803
window: 576 done...:13:26827910-27258611
window: 577 done...:13:28579443-29074355
window: 578 done...:13:31234899-31715690
window: 579 done...:13:32841623-33020387
window: 580 done...:13:37016673-37018673
window: 581 done...:13:41134488-41516415
window: 582 done...:13:43183063-43185063
window: 583 done...:13:46717218-46719218
window: 584 done...:13:48859260-49097543
window: 585 done...:13:95712848-95714848
window: 586 done...:13:102384941-102386941
window: 587 done...:13:103387540-103531416
window: 588 done...:13:110409022-110439848
window: 589 done...:13:111372918-111374918
window: 590 done...:14:20665587-20931460
window: 591 done...:14:21901198-21903198
window: 592 done...:14:23494610-23655450
window: 593 done...:14:24847869-24849869
window: 594 done...:14:35877226-35879226
window: 595 done...:14:36987928-36990645
window: 596 done...:14:38061697-38065347
window: 597 done...:14:45608192-45673294
window: 598 done...:14:52432680-52434680
window: 599 done...:14:64702675-64704675
window: 600 done...:14:65474239-65570156
window: 601 done...:14:68290317-68761727
window: 602 done...:14:68880576-69261001
window: 603 done...:14:75483243-75519640
window: 604 done...:14:81421338-81615148
window: 605 done...:14:95563360-95603423
window: 606 done...:14:96178118-96180118
window: 607 done...:14:99640543-99642543
window: 608 done...:14:102547965-102570517
window: 609 done...:14:104167208-104178079
window: 610 done...:14:105242685-105253104
window: 611 done...:15:30011360-30013360
window: 612 done...:15:34642257-34644257
window: 613 done...:15:38815434-38817434
window: 614 done...:15:40675574-41025564
window: 615 done...:15:42051933-42053933
window: 616 done...:15:43772658-43774658
window: 617 done...:15:45004197-45013159
window: 618 done...:15:49426320-49428320
window: 619 done...:15:50781434-50785069
window: 620 done...:15:51512172-51514172
window: 621 done...:15:57566525-57568525
window: 622 done...:15:66680242-66784860
window: 623 done...:15:67359974-67487032
window: 624 done...:15:75021157-75023157
window: 625 done...:15:75704888-75706888
window: 626 done...:15:77344793-77346793
window: 627 done...:15:80263550-80265550
window: 628 done...:15:88421137-88800571
window: 629 done...:15:90227434-90647492
window: 630 done...:15:91290335-91360310
window: 631 done...:15:96879510-96881510
window: 632 done...:15:99195163-99502929
window: 633 done...:16:338082-727034
window: 634 done...:16:1825517-2228424
window: 635 done...:16:3614470-3931140
window: 636 done...:16:9857832-10276056
window: 637 done...:16:11004239-11352911
window: 638 done...:16:12146141-12148141
window: 639 done...:16:14015109-14048723
window: 640 done...:16:15817991-16179226
window: 641 done...:16:20369699-20373404
window: 642 done...:16:20990493-20992493
window: 643 done...:16:23614042-23694845
window: 644 done...:16:24192092-24194092
window: 645 done...:16:27459741-27461741
window: 646 done...:16:28617923-28619923
window: 647 done...:16:30129477-30136230
window: 648 done...:16:31201698-31203698
window: 649 done...:16:48201975-48266101
window: 650 done...:16:50784848-50833525
window: 651 done...:16:53337467-53339467
window: 652 done...:16:55516818-55518818
window: 653 done...:16:56786885-56857010
window: 654 done...:16:65016047-65018047
window: 655 done...:16:67063399-67134068
window: 656 done...:16:67645012-67674278
window: 657 done...:16:68770347-68868611
window: 658 done...:16:69744557-69966396
window: 659 done...:16:72820618-72995134
window: 660 done...:16:78466674-78468674
window: 661 done...:16:79627536-79634959
window: 662 done...:16:81181582-81183582
window: 663 done...:16:81939641-81946202
window: 664 done...:16:88714028-88716028
window: 665 done...:16:89354694-89853266
window: 666 done...:16:89860692-89884587
window: 667 done...:17:5048862-5050862
window: 668 done...:17:5991016-5993016
window: 669 done...:17:7221693-7582776
window: 670 done...:17:8047642-8114608
window: 671 done...:17:11924051-12049619
window: 672 done...:17:12899259-12922967
window: 673 done...:17:15935650-16099784
window: 674 done...:17:17116609-17135039
window: 675 done...:17:29422072-29703030
window: 676 done...:17:30309293-30522147
window: 677 done...:17:33268064-33448051
window: 678 done...:17:34174918-34176918
window: 679 done...:17:35544509-35546509
window: 680 done...:17:36075850-36077850
window: 681 done...:17:37619476-37935562
window: 682 done...:17:38493958-38794281
window: 683 done...:17:40467975-40843541
window: 684 done...:17:41150189-41327956
window: 685 done...:17:45369098-45371098
window: 686 done...:17:46803808-46807215
window: 687 done...:17:47682351-47701372
window: 688 done...:17:48269845-48271845
window: 689 done...:17:53397380-53399380
window: 690 done...:17:56052760-56494479
window: 691 done...:17:56770840-56812949
window: 692 done...:17:57745519-58025908
window: 693 done...:17:58678786-58743333
window: 694 done...:17:59761911-59940344
window: 695 done...:17:62499584-62501584
window: 696 done...:17:63010780-63012780
window: 697 done...:17:63526312-63559069
window: 698 done...:17:65889452-65891452
window: 699 done...:17:66511869-66527937
window: 700 done...:17:70118286-70121654
window: 701 done...:17:73776046-73778046
window: 702 done...:17:74735092-74737092
window: 703 done...:17:78520878-78942868
window: 704 done...:17:79483786-79806781
window: 705 done...:18:661504-674710
window: 706 done...:18:12817142-12819142
window: 707 done...:18:14851496-14853496
window: 708 done...:18:18540779-18626860
window: 709 done...:18:19358822-19360822
window: 710 done...:18:22808501-22810501
window: 711 done...:18:39583577-39585577
window: 712 done...:18:42533294-42645398
window: 713 done...:18:45371749-45426032
window: 714 done...:18:48572980-48606007
window: 715 done...:18:50733475-50735475
window: 716 done...:18:52900047-52902047
window: 717 done...:18:60795033-61172116
window: 718 done...:18:61305193-61326005
window: 719 done...:19:1207305-1623601
window: 720 done...:19:2163170-2238408
window: 721 done...:19:3097106-3122299
window: 722 done...:19:4090354-4125743
window: 723 done...:19:5243994-5245994
window: 724 done...:19:7125889-7173889
window: 725 done...:19:10115025-10612357
window: 726 done...:19:10941346-11173712
window: 727 done...:19:11489249-11496173
window: 728 done...:19:13053903-13055903
window: 729 done...:19:14628429-14630429
window: 730 done...:19:15271793-15385627
window: 731 done...:19:17937526-18283402
window: 732 done...:19:18872909-19263767
window: 733 done...:19:19626601-19643527
window: 734 done...:19:30302508-30316327
window: 735 done...:19:31769237-31771730
window: 736 done...:19:33791754-33798884
window: 737 done...:19:35831910-36218884
window: 738 done...:19:38951361-38953361
window: 739 done...:19:40741780-40906757
window: 740 done...:19:41603008-41767203
window: 741 done...:19:42791901-42802727
window: 742 done...:19:43575905-44060524
window: 743 done...:19:45261964-45263964
window: 744 done...:19:45858072-45929180
window: 745 done...:19:47424707-47731568
window: 746 done...:19:50804370-50925575
window: 747 done...:19:51323604-51747379
window: 748 done...:19:52694551-52737857
window: 749 done...:19:54657266-54659266
window: 750 done...:20:8684000-8686000
window: 751 done...:20:9562325-9564325
window: 752 done...:20:20033657-20035657
window: 753 done...:20:22564267-22566267
window: 754 done...:20:30254258-30313633
window: 755 done...:20:30946869-31386471
window: 756 done...:20:35660421-36034277
window: 757 done...:20:37637052-37639052
window: 758 done...:20:39657668-40145807
window: 759 done...:20:40746653-40982581
window: 760 done...:20:41306938-41422542
window: 761 done...:20:42170251-42172251
window: 762 done...:20:43961585-43979029
window: 763 done...:20:46278815-46281415
window: 764 done...:20:47614074-47616074
window: 765 done...:20:50239326-50241326
window: 766 done...:20:51882311-52198594
window: 767 done...:20:52586459-52787512
window: 768 done...:20:54945516-54966365
window: 769 done...:20:56139287-56142207
window: 770 done...:20:57465761-57489887
window: 771 done...:21:22804903-22806903
window: 772 done...:21:28337798-28339798
window: 773 done...:21:35184287-35186287
window: 774 done...:21:36165003-36422412
window: 775 done...:21:37442151-37519893
window: 776 done...:21:39755266-39871559
window: 777 done...:21:40670173-40672173
window: 778 done...:21:42837093-42882195
window: 779 done...:21:44513503-44531611
window: 780 done...:21:45650305-45652305
window: 781 done...:22:21271718-21305616
window: 782 done...:22:22124388-22224774
window: 783 done...:22:23241065-23663287
window: 784 done...:22:24125456-24182939
window: 785 done...:22:28193880-28196602
window: 786 done...:22:29083659-29131813
window: 787 done...:22:29695468-30092088
window: 788 done...:22:30742997-30744997
window: 789 done...:22:36708135-36710135
window: 790 done...:22:37259745-37634515
window: 791 done...:22:38373609-38375609
window: 792 done...:22:39389771-39625899
window: 793 done...:22:40815886-40827490
window: 794 done...:22:41488173-41576199
window: 795 done...:22:42526561-42528561
window: 796 done...:22:45796769-45798769
window: 797 done...:X:1314207-1586757
window: 798 done...:X:12736969-12738969
window: 799 done...:X:20146052-20163543
window: 800 done...:X:29937911-29939911
window: 801 done...:X:32387336-32389336
window: 802 done...:X:38149383-38151383
window: 803 done...:X:39910808-39941068
window: 804 done...:X:41206099-41208099
window: 805 done...:X:44733809-44973303
window: 806 done...:X:47004020-47438876
window: 807 done...:X:48656257-48899463
window: 808 done...:X:50053570-50055570
window: 809 done...:X:53222787-53436264
window: 810 done...:X:63420328-63422328
window: 811 done...:X:64961518-64963518
window: 812 done...:X:66764242-66945119
window: 813 done...:X:70339465-70629863
window: 814 done...:X:76764389-77043391
window: 815 done...:X:79277316-79279316
window: 816 done...:X:100604077-100631965
window: 817 done...:X:105280476-105282476
window: 818 done...:X:110405205-110407671
window: 819 done...:X:111093738-111095738
window: 820 done...:X:112047598-112049598
window: 821 done...:X:118975544-118977544
window: 822 done...:X:123036030-123482734
window: 823 done...:X:129150622-129192381
window: 824 done...:X:132731347-132733347
window: 825 done...:X:133511256-133562520
window: 826 done...:X:136649501-136651501
window: 827 done...:X:147735806-147737806
window: 828 done...:X:152827594-152829594

*** Summary information ***

Number of total sites: 4286
Number of sites with enough coverage: 824
Number of MSI sites: 3

Total time consumed:  633 secs

