msi -d /products/repos/prod/Akso/BNC_v2/BNC/program/NoahCare/db/analyze/msi/hs37d5.microsatellites.list -n /mnt/GenePlus001/prod/workspace/IFA20190709002/OncoD_Duid/output/190008263BCD_190008263BPD/normal/5_recal_bam/190008263BCD_190008263BPD_normal_sort_markdup_realign_recal.bam -t /mnt/GenePlus001/prod/workspace/IFA20190709002/OncoD_Duid/output/190008263BCD_190008263BPD/cancer/5_recal_bam/190008263BCD_190008263BPD_cancer_sort_markdup_realign_recal.bam -e /products/repos/prod/Akso/BNC_v2/BNC/program/NoahCare/config/nc_cd3/regs/chip.bed -o /mnt/GenePlus001/prod/workspace/IFA20190709002/OncoD_Duid/output/190008263BCD_190008263BPD/report/misc/v05/190008263BCD_190008263BPD.msi -b 8 Start at:  Thu Jul 11 22:29:18 2019

loading bed regions ...
loading homopolymer and microsatellite sites ...

Total loading windows:  193 


Total loading homopolymer and microsatellites:  439 

window: 0 done...:1:27021939-27108272
window: 1 done...:1:46725876-46727876
window: 2 done...:1:65302789-65304789
window: 3 done...:1:78421437-78436701
window: 4 done...:1:120611040-120613040
window: 5 done...:1:150548800-150550800
window: 6 done...:1:156784647-156786647
window: 7 done...:1:161331091-161333091
window: 8 done...:1:162748855-162750855
window: 9 done...:1:193089911-193203297
window: 10 done...:1:241662905-241664905
window: 11 done...:1:243735210-243737210
window: 12 done...:2:16085264-16087264
window: 13 done...:2:29387841-29450344
window: 14 done...:2:42552086-42554086
window: 15 done...:2:46582272-46606201
window: 16 done...:2:47595631-48034890
window: 17 done...:2:58389218-58454843
window: 18 done...:2:61725050-61727050
window: 19 done...:2:95848361-95850361
window: 20 done...:2:111880870-111885996
window: 21 done...:2:128045943-128047943
window: 22 done...:2:141109563-141599465
window: 23 done...:2:141624630-141626834
window: 24 done...:2:190716517-190718517
window: 25 done...:2:198256673-198268243
window: 26 done...:2:209100905-209117299
window: 27 done...:2:212487817-212496336
window: 28 done...:2:212988590-212990590
window: 29 done...:2:215656182-215658182
window: 30 done...:2:234667879-234669879
window: 31 done...:3:10075842-10129965
window: 32 done...:3:12643516-12651635
window: 33 done...:3:30690871-30692871
window: 34 done...:3:37066099-37068099
window: 35 done...:3:38181797-38183797
window: 36 done...:3:41267676-41269676
window: 37 done...:3:47102754-47206502
window: 38 done...:3:52675065-52697310
window: 39 done...:3:71007341-71009341
window: 40 done...:3:138399782-138401782
window: 41 done...:3:142214120-142278438
window: 42 done...:3:178937735-178939735
window: 43 done...:4:25665785-25667785
window: 44 done...:4:55134671-55599211
window: 45 done...:4:55916860-55973814
window: 46 done...:4:66285113-66287113
window: 47 done...:4:143180731-143182731
window: 48 done...:4:153267227-153333604
window: 49 done...:4:185339725-185341725
window: 50 done...:4:187559860-187628659
window: 51 done...:5:35856055-35858055
window: 52 done...:5:38957956-38979758
window: 53 done...:5:55242420-55244420
window: 54 done...:5:56176848-56178848
window: 55 done...:5:67575330-67577330
window: 56 done...:5:112110309-112214678
window: 57 done...:5:131923363-131928550
window: 58 done...:5:149446805-149785087
window: 59 done...:5:150934965-150936965
window: 60 done...:5:170817290-170838513
window: 61 done...:5:176638217-176640217
window: 62 done...:5:180034262-180036262
window: 63 done...:6:2835823-2837823
window: 64 done...:6:20401594-20403594
window: 65 done...:6:33286898-33288898
window: 66 done...:6:43747435-43750876
window: 67 done...:6:106533484-106535484
window: 68 done...:6:117630463-117726383
window: 69 done...:6:137518504-137520504
window: 70 done...:6:138191324-138193324
window: 71 done...:6:152414488-152416499
window: 72 done...:6:157098165-157528280
window: 73 done...:6:162682814-162684814
window: 74 done...:7:2962940-2986389
window: 75 done...:7:6036057-6038057
window: 76 done...:7:39989985-39991985
window: 77 done...:7:50443181-50445181
window: 78 done...:7:55068627-55278898
window: 79 done...:7:100283334-100285334
window: 80 done...:7:116408675-116480784
window: 81 done...:7:124474296-124533409
window: 82 done...:7:140433574-140499359
window: 83 done...:7:142561051-142563051
window: 84 done...:7:148542693-148544693
window: 85 done...:7:151874100-152133933
window: 86 done...:8:30921588-30946376
window: 87 done...:8:38284913-38326068
window: 88 done...:8:128749604-128751604
window: 89 done...:8:143309865-143311865
window: 90 done...:8:145737581-145744169
window: 91 done...:9:5072681-5480752
window: 92 done...:9:8337847-8734811
window: 93 done...:9:20413277-20415277
window: 94 done...:9:21993614-21995614
window: 95 done...:9:35077351-35079351
window: 96 done...:9:36922303-36924303
window: 97 done...:9:80342587-80344587
window: 98 done...:9:87356642-87483133
window: 99 done...:9:98277958-98279958
window: 100 done...:9:133758489-133760489
window: 101 done...:9:135770987-135774000
window: 102 done...:9:139389944-139391944
window: 103 done...:10:8114668-8116668
window: 104 done...:10:43571749-43573749
window: 105 done...:10:76780905-76782905
window: 106 done...:10:89622844-89721633
window: 107 done...:10:123239903-123355995
window: 108 done...:11:32451001-32453001
window: 109 done...:11:68204984-68206984
window: 110 done...:11:69464872-69466987
window: 111 done...:11:94152332-94213930
window: 112 done...:11:102192508-102194508
window: 113 done...:11:108113661-108189266
window: 114 done...:11:118306413-118370265
window: 115 done...:11:119076232-119150355
window: 116 done...:12:431376-499267
window: 117 done...:12:12008604-12037211
window: 118 done...:12:21622284-21645428
window: 119 done...:12:46286170-46288170
window: 120 done...:12:49424823-49428664
window: 121 done...:12:52344497-52346497
window: 122 done...:12:56492619-56494619
window: 123 done...:12:68551041-68553041
window: 124 done...:12:69213081-69215081
window: 125 done...:12:115111322-115113322
window: 126 done...:12:133219098-133238753
window: 127 done...:13:26827910-26976608
window: 128 done...:13:28608813-28610813
window: 129 done...:13:32892197-32974736
window: 130 done...:13:48880488-48956363
window: 131 done...:13:110433577-110439316
window: 132 done...:14:23494610-23653346
window: 133 done...:14:45627284-45643287
window: 134 done...:14:65567304-65569304
window: 135 done...:14:68330678-68332678
window: 136 done...:14:68943321-69062188
window: 137 done...:14:75496428-75498428
window: 138 done...:14:81573687-81575838
window: 139 done...:14:95565068-95584035
window: 140 done...:15:50781434-50783434
window: 141 done...:15:91302325-91305285
window: 142 done...:15:99438963-99483380
window: 143 done...:16:3777439-3809052
window: 144 done...:16:9857832-9935690
window: 145 done...:16:20369699-20371699
window: 146 done...:16:23645141-23647141
window: 147 done...:16:30133513-30135513
window: 148 done...:16:67645012-67647012
window: 149 done...:16:68770347-68772347
window: 150 done...:16:72820593-72992715
window: 151 done...:16:79632098-79634805
window: 152 done...:16:89830344-89832344
window: 153 done...:17:15972417-16057614
window: 154 done...:17:29481977-29677104
window: 155 done...:17:37900802-37902802
window: 156 done...:17:38547371-38570682
window: 157 done...:17:41195821-41284397
window: 158 done...:17:47695764-47697764
window: 159 done...:17:59856599-59858599
window: 160 done...:17:63532732-63534938
window: 161 done...:18:18618416-18620416
window: 162 done...:19:2163170-2165170
window: 163 done...:19:11144715-11146715
window: 164 done...:19:15295202-15363249
window: 165 done...:19:19256703-19258703
window: 166 done...:19:30302508-30304508
window: 167 done...:19:31769221-31771237
window: 168 done...:19:33791754-33794007
window: 169 done...:19:45911733-45913733
window: 170 done...:20:36011535-36013535
window: 171 done...:20:43961585-43963585
window: 172 done...:20:46278815-46280836
window: 173 done...:20:56139815-56141815
window: 174 done...:20:57465761-57467761
window: 175 done...:21:42837093-42874535
window: 176 done...:21:45650305-45652305
window: 177 done...:22:22161144-22222708
window: 178 done...:22:28193880-28195933
window: 179 done...:22:29119925-29121925
window: 180 done...:22:40815886-40817886
window: 181 done...:22:41544024-41546024
window: 182 done...:X:39929433-39931433
window: 183 done...:X:44934877-44950951
window: 184 done...:X:47029466-47031585
window: 185 done...:X:48891468-48896224
window: 186 done...:X:53222787-53224787
window: 187 done...:X:66764160-66767356
window: 188 done...:X:70343215-70362097
window: 189 done...:X:76854056-76939088
window: 190 done...:X:100611578-100613578
window: 191 done...:X:110405205-110407205
window: 192 done...:X:123183949-123235405

*** Summary information ***

Number of total sites: 439
Number of sites with enough coverage: 399
Number of MSI sites: 3

Total time consumed:  215 secs

